<?xml version="1.0" encoding="UTF-8"?>
<!-- Generated by org.testng.reporters.JUnitReportReporter -->
<testsuite hostname="DESKTOP-10UIOON" failures="0" tests="1" name="testCases.Tc_003_LoginDDT" time="0.000" errors="0" timestamp="2023-05-13T12:00:11 EDT" skipped="1">
  <testcase classname="testCases.Tc_003_LoginDDT" name="test_LoginDDT" time="0.000">
    <skipped/>
  </testcase> <!-- test_LoginDDT -->
  <system-out/>
</testsuite> <!-- testCases.Tc_003_LoginDDT -->
