<?xml version="1.0" encoding="UTF-8"?>
<!-- Generated by org.testng.reporters.JUnitReportReporter -->
<testsuite hostname="DESKTOP-10UIOON" failures="0" tests="1" name="testCases.TC_001_AccountRegistrationTest" time="2.307" errors="0" timestamp="2023-05-15T14:28:50 EDT" skipped="0">
  <testcase classname="testCases.TC_001_AccountRegistrationTest" name="test_account_Registration" time="2.307"/>
  <system-out/>
</testsuite> <!-- testCases.TC_001_AccountRegistrationTest -->
