<?xml version="1.0" encoding="UTF-8"?>
<!-- Generated by org.testng.reporters.JUnitReportReporter -->
<testsuite hostname="DESKTOP-10UIOON" failures="0" tests="1" name="testCases.TC_002_LoginTest" time="1.778" errors="0" timestamp="2023-05-15T14:28:50 EDT" skipped="0">
  <testcase classname="testCases.TC_002_LoginTest" name="test_login" time="1.778"/>
  <system-out/>
</testsuite> <!-- testCases.TC_002_LoginTest -->
