<?xml version="1.0" encoding="UTF-8"?>
<!-- Generated by org.testng.reporters.JUnitReportReporter -->
<testsuite hostname="DESKTOP-10UIOON" failures="0" tests="1" name="testCases.TC_001_AccountRegistrationTest" time="1.783" errors="0" timestamp="2023-05-15T15:02:25 EDT" skipped="0">
  <testcase classname="testCases.TC_001_AccountRegistrationTest" name="test_account_Registration" time="1.783"/>
  <system-out/>
</testsuite> <!-- testCases.TC_001_AccountRegistrationTest -->
